

Version:	3.50
CmdLine:	H:\My Drive\SaveMoneyRun\SaveMoney.exe --l4j-debug
JNI:		No
WOW64:		Yes
Working dir:	H:\My Drive\SaveMoneyRun\.
Requires JDK:	Yes
Requires 64-Bit: No
Java min ver:	1.008.000
Java max ver:	
JRE paths:	C:\Program Files\Java\jre1.8.0_301\bin
Check launcher:	C:\Program Files\Java\jre1.8.0_301\bin\javaw.exe (OK)
Check javac:	C:\Program Files\Java\jre1.8.0_301\bin\javac.exe (not found)
64-bit search:	SOFTWARE\JavaSoft\Java Development Kit...
Check:		SOFTWARE\JavaSoft\Java Development Kit\1.8
Version string: 1.008.000 / 64-Bit (OK)
Check launcher:	C:\Program Files\Java\jdk1.8.0_202\bin\javaw.exe (OK)
Check javac:	C:\Program Files\Java\jdk1.8.0_202\bin\javac.exe (OK)
Match:		1.008.000
Runtime used:	1.008.000 (64-bit)
Launcher:	C:\Program Files\Java\jdk1.8.0_202\bin\javaw.exe
Launcher args:	-jar "H:\My Drive\SaveMoneyRun\SaveMoney.exe"
Args length:	45/32768 chars
Exit code:	0
